Flow report for TemperatureControl
Mon Jun 06 10:25:13 2016
Quartus II 32-bit Version 13.0.0 Build 156 04/24/2013 SJ Web Edition


---------------------
; Table of Contents ;
---------------------
  1. Legal Notice
  2. Flow Summary
  3. Flow Settings
  4. Flow Non-Default Global Settings
  5. Flow Elapsed Time
  6. Flow OS Summary
  7. Flow Log
  8. Flow Messages
  9. Flow Suppressed Messages



----------------
; Legal Notice ;
----------------
Copyright (C) 1991-2013 Altera Corporation
Your use of Altera Corporation's design tools, logic functions 
and other software and tools, and its AMPP partner logic 
functions, and any output files from any of the foregoing 
(including device programming or simulation files), and any 
associated documentation or information are expressly subject 
to the terms and conditions of the Altera Program License 
Subscription Agreement, Altera MegaCore Function License 
Agreement, or other applicable license agreement, including, 
without limitation, that your use is for the sole purpose of 
programming logic devices manufactured by Altera and sold by 
Altera or its authorized distributors.  Please refer to the 
applicable agreement for further details.



+---------------------------------------------------------------------------------+
; Flow Summary                                                                    ;
+------------------------------------+--------------------------------------------+
; Flow Status                        ; Successful - Mon Jun 06 10:25:12 2016      ;
; Quartus II 32-bit Version          ; 13.0.0 Build 156 04/24/2013 SJ Web Edition ;
; Revision Name                      ; TemperatureControl                         ;
; Top-level Entity Name              ; Top                                        ;
; Family                             ; Cyclone III                                ;
; Device                             ; EP3C25Q240C8                               ;
; Timing Models                      ; Final                                      ;
; Total logic elements               ; 1,157 / 24,624 ( 5 % )                     ;
;     Total combinational functions  ; 1,147 / 24,624 ( 5 % )                     ;
;     Dedicated logic registers      ; 173 / 24,624 ( < 1 % )                     ;
; Total registers                    ; 173                                        ;
; Total pins                         ; 59 / 149 ( 40 % )                          ;
; Total virtual pins                 ; 0                                          ;
; Total memory bits                  ; 0 / 608,256 ( 0 % )                        ;
; Embedded Multiplier 9-bit elements ; 0 / 132 ( 0 % )                            ;
; Total PLLs                         ; 0 / 4 ( 0 % )                              ;
+------------------------------------+--------------------------------------------+


+-----------------------------------------+
; Flow Settings                           ;
+-------------------+---------------------+
; Option            ; Setting             ;
+-------------------+---------------------+
; Start date & time ; 06/06/2016 10:23:16 ;
; Main task         ; Compilation         ;
; Revision Name     ; TemperatureControl  ;
+-------------------+---------------------+


+----------------------------------------------------------------------------------------------------------------------------------+
; Flow Non-Default Global Settings                                                                                                 ;
+-------------------------------------+----------------------------------------+--------------------+-------------+----------------+
; Assignment Name                     ; Value                                  ; Default Value      ; Entity Name ; Section Id     ;
+-------------------------------------+----------------------------------------+--------------------+-------------+----------------+
; COMPILER_SIGNATURE_ID               ; 26403096579251.146517979503924         ; --                 ; --          ; --             ;
; EDA_GENERATE_FUNCTIONAL_NETLIST     ; On                                     ; --                 ; --          ; eda_simulation ;
; EDA_NETLIST_WRITER_OUTPUT_DIR       ; E:/TemperatureControl/simulation/qsim/ ; --                 ; --          ; eda_simulation ;
; EDA_OUTPUT_DATA_FORMAT              ; Verilog Hdl                            ; --                 ; --          ; eda_simulation ;
; EDA_SIMULATION_TOOL                 ; ModelSim-Altera (Verilog)              ; <None>             ; --          ; --             ;
; MAX_CORE_JUNCTION_TEMP              ; 85                                     ; --                 ; --          ; --             ;
; MIN_CORE_JUNCTION_TEMP              ; 0                                      ; --                 ; --          ; --             ;
; PARTITION_COLOR                     ; 16764057                               ; --                 ; Top         ; Top            ;
; PARTITION_FITTER_PRESERVATION_LEVEL ; PLACEMENT_AND_ROUTING                  ; --                 ; Top         ; Top            ;
; PARTITION_NETLIST_TYPE              ; SOURCE                                 ; --                 ; Top         ; Top            ;
; POWER_BOARD_THERMAL_MODEL           ; None (CONSERVATIVE)                    ; --                 ; --          ; --             ;
; POWER_PRESET_COOLING_SOLUTION       ; 23 MM HEAT SINK WITH 200 LFPM AIRFLOW  ; --                 ; --          ; --             ;
; TOP_LEVEL_ENTITY                    ; Top                                    ; TemperatureControl ; --          ; --             ;
+-------------------------------------+----------------------------------------+--------------------+-------------+----------------+


+-------------------------------------------------------------------------------------------------------------------------------+
; Flow Elapsed Time                                                                                                             ;
+---------------------------+--------------+-------------------------+---------------------+------------------------------------+
; Module Name               ; Elapsed Time ; Average Processors Used ; Peak Virtual Memory ; Total CPU Time (on all processors) ;
+---------------------------+--------------+-------------------------+---------------------+------------------------------------+
; Analysis & Synthesis      ; 00:00:23     ; 1.0                     ; 348 MB              ; 00:00:06                           ;
; Fitter                    ; 00:00:48     ; 1.0                     ; 524 MB              ; 00:00:16                           ;
; Assembler                 ; 00:00:07     ; 1.0                     ; 342 MB              ; 00:00:02                           ;
; TimeQuest Timing Analyzer ; 00:00:17     ; 1.0                     ; 364 MB              ; 00:00:04                           ;
; EDA Netlist Writer        ; 00:00:03     ; 1.0                     ; 304 MB              ; 00:00:01                           ;
; Total                     ; 00:01:38     ; --                      ; --                  ; 00:00:29                           ;
+---------------------------+--------------+-------------------------+---------------------+------------------------------------+


+----------------------------------------------------------------------------------------+
; Flow OS Summary                                                                        ;
+---------------------------+------------------+-----------+------------+----------------+
; Module Name               ; Machine Hostname ; OS Name   ; OS Version ; Processor type ;
+---------------------------+------------------+-----------+------------+----------------+
; Analysis & Synthesis      ; 19               ; Windows 7 ; 6.1        ; i686           ;
; Fitter                    ; 19               ; Windows 7 ; 6.1        ; i686           ;
; Assembler                 ; 19               ; Windows 7 ; 6.1        ; i686           ;
; TimeQuest Timing Analyzer ; 19               ; Windows 7 ; 6.1        ; i686           ;
; EDA Netlist Writer        ; 19               ; Windows 7 ; 6.1        ; i686           ;
+---------------------------+------------------+-----------+------------+----------------+


------------
; Flow Log ;
------------
quartus_map --read_settings_files=on --write_settings_files=off TemperatureControl -c TemperatureControl
quartus_fit --read_settings_files=off --write_settings_files=off TemperatureControl -c TemperatureControl
quartus_asm --read_settings_files=off --write_settings_files=off TemperatureControl -c TemperatureControl
quartus_sta TemperatureControl -c TemperatureControl
quartus_eda --read_settings_files=off --write_settings_files=off TemperatureControl -c TemperatureControl



